Size of problem (rows, columns)  (5, 3)
Frank matrix example
1 1; 1.0000000000000000E+000
1 2; 1.0000000000000000E+000
1 3; 1.0000000000000000E+000
2 1; 1.0000000000000000E+000
2 2; 2.0000000000000000E+000
2 3; 2.0000000000000000E+000
3 1; 1.0000000000000000E+000
3 2; 2.0000000000000000E+000
3 3; 3.0000000000000000E+000
4 1; 1.0000000000000000E+000
4 2; 2.0000000000000000E+000
4 3; 3.0000000000000000E+000
5 1; 1.0000000000000000E+000
5 2; 2.0000000000000000E+000
5 3; 3.0000000000000000E+000
Matrix A
   1.00000    1.00000    1.00000 
   1.00000    2.00000    2.00000 
   1.00000    2.00000    3.00000 
   1.00000    2.00000    3.00000 
   1.00000    2.00000    3.00000 
alg03.pas -- Givens' reduction -- column-wise
Decomposition
Q
   0.44721   -0.89443    0.00000    0.00000    0.00000 
   0.44721    0.22361   -0.70711   -0.40825   -0.28868 
   0.44721    0.22361    0.70711   -0.40825   -0.28868 
   0.44721    0.22361    0.00000    0.81650   -0.28868 
   0.44721    0.22361    0.00000    0.00000    0.86603 
R
   2.23607    4.02492    5.36656 
   0.00000    0.89443    1.56525 
   0.00000    0.00000    0.70711 
   0.00000    0.00000    0.40825 
  -0.00000   -0.00000    0.28868 
Q*R - Acopy
 1.45E-016  2.22E-016  6.95E-016 
 1.45E-016 -1.03E-016 -1.11E-016 
 2.81E-016  2.86E-016  2.36E-016 
-1.26E-016 -4.64E-016 -8.05E-016 
-2.22E-016 -2.46E-016 -5.00E-016 
