Data matrix :4 by 5
Row 1
   1.00000    2.00000    3.00000    4.00000   10.00000 
Row 2
   2.00000    2.00000    3.00000    4.00000   11.00000 
Row 3
   3.00000    3.00000    3.00000    4.00000   13.00000 
Row 4
   4.00000    4.00000    4.00000    4.00000   16.00000 

tol for pivod =  2.8421709430404007E-014
alg05.pas -- Gauss elimination with partial pivoting
Interchanging rows 4 and 1
Interchanging rows 4 and 2
Interchanging rows 4 and 3
Gauss elimination complete -- determinant = -2.4000000000000000E+001
returned matrix 4 by 5
Row 1
   4.00000    4.00000    4.00000    4.00000   16.00000 Row 2
   0.50000    1.00000    2.00000    3.00000    6.00000 Row 3
   0.75000    0.00000    1.00000    2.00000    3.00000 Row 4
   0.25000    0.00000    0.00000    1.00000    1.00000 
alg06.pas -- Gauss elimination back-substitution
Solution 1
   1.00000    1.00000    1.00000    1.00000 
Residuals
 0.00E+000  0.00E+000  0.00E+000  0.00E+000 
Sum of squared residuals =  0.0000000000000000E+000
Data matrix :8 by 9
Row 1
   1.00000    2.00000    3.00000    4.00000    5.00000    6.00000    7.00000 
   8.00000   36.00000 
Row 2
   2.00000    2.00000    3.00000    4.00000    5.00000    6.00000    7.00000 
   8.00000   37.00000 
Row 3
   3.00000    3.00000    3.00000    4.00000    5.00000    6.00000    7.00000 
   8.00000   39.00000 
Row 4
   4.00000    4.00000    4.00000    4.00000    5.00000    6.00000    7.00000 
   8.00000   42.00000 
Row 5
   5.00000    5.00000    5.00000    5.00000    5.00000    6.00000    7.00000 
   8.00000   46.00000 
Row 6
   6.00000    6.00000    6.00000    6.00000    6.00000    6.00000    7.00000 
   8.00000   51.00000 
Row 7
   7.00000    7.00000    7.00000    7.00000    7.00000    7.00000    7.00000 
   8.00000   57.00000 
Row 8
   8.00000    8.00000    8.00000    8.00000    8.00000    8.00000    8.00000 
   8.00000   64.00000 

tol for pivod =  1.1368683772161603E-013
alg05.pas -- Gauss elimination with partial pivoting
Interchanging rows 8 and 1
Interchanging rows 8 and 2
Interchanging rows 8 and 3
Interchanging rows 8 and 4
Interchanging rows 8 and 5
Interchanging rows 8 and 6
Interchanging rows 8 and 7
Gauss elimination complete -- determinant = -4.0320000000000000E+004
returned matrix 8 by 9
Row 1
   8.00000    8.00000    8.00000    8.00000    8.00000    8.00000    8.00000 
   8.00000   64.00000 Row 2
   0.25000    1.00000    2.00000    3.00000    4.00000    5.00000    6.00000 
   7.00000   28.00000 Row 3
   0.37500    0.00000    1.00000    2.00000    3.00000    4.00000    5.00000 
   6.00000   21.00000 Row 4
   0.50000    0.00000    0.00000    1.00000    2.00000    3.00000    4.00000 
   5.00000   15.00000 Row 5
   0.62500    0.00000    0.00000    0.00000    1.00000    2.00000    3.00000 
   4.00000   10.00000 Row 6
   0.75000    0.00000    0.00000    0.00000    0.00000    1.00000    2.00000 
   3.00000    6.00000 Row 7
   0.87500    0.00000    0.00000    0.00000    0.00000    0.00000    1.00000 
   2.00000    3.00000 Row 8
   0.12500    0.00000    0.00000    0.00000    0.00000    0.00000    0.00000 
   1.00000    1.00000 
alg06.pas -- Gauss elimination back-substitution
Solution 1
   1.00000    1.00000    1.00000    1.00000    1.00000    1.00000    1.00000 
   1.00000 
Residuals
 0.00E+000  0.00E+000  0.00E+000  0.00E+000  0.00E+000  0.00E+000  0.00E+000 
 0.00E+000 
Sum of squared residuals =  0.0000000000000000E+000
