order of problem = 5
Matrixin.pas -- generate or input a real matrix 5 by 5
Possible matrices to generate:
0) Keyboard or console file input
1) Hilbert segment
2) Ding Dong
3) Moler
4) Frank symmetric
5) Bordered symmetric
6) Diagonal
7) Wilkinson W+
8) Wilkinson W-
9) Constant
10) Unit
Enter type to generate 3

returned matrix of order 5
Symmetric matrix -- Vector form
   1.00000 
  -1.00000    2.00000 
  -1.00000    0.00000    3.00000 
  -1.00000    0.00000    1.00000    4.00000 
  -1.00000    0.00000    1.00000    2.00000    5.00000 
Enter right hand side of equations
vectorin.pas   -- enter or generate a real vector of 5 elements
Options:
   1) constant
   2) uniform random in [0,user_value) 
   3) user entered from console 
   4) entered from RHS columns in matrix file 
   Choose option :1
Enter constant value = 1.0000000000000000E+000

Decomposed matrix -- Vector form
   1.00000 
  -1.00000    1.00000 
  -1.00000   -1.00000    1.00000 
  -1.00000   -1.00000   -1.00000    1.00000 
  -1.00000   -1.00000   -1.00000   -1.00000    1.00000 
Solution
 171.00000 
  86.00000 
  44.00000 
  24.00000 
  16.00000 
Residuals
 0.00E+000  0.00E+000  0.00E+000  0.00E+000  0.00E+000 
Sum of squared residuals = 0.0000000000000000E+000
