order of problem (n) = 5
Provide the A matrix
A matrix
   1.00000    1.00000    1.00000    1.00000    1.00000 
   1.00000    2.00000    2.00000    2.00000    2.00000 
   1.00000    2.00000    3.00000    3.00000    3.00000 
   1.00000    2.00000    3.00000    4.00000    4.00000 
   1.00000    2.00000    3.00000    4.00000    5.00000 
B matrix set to unit matrix
B matrix
   1.00000    0.00000    0.00000    0.00000    0.00000 
   0.00000    1.00000    0.00000    0.00000    0.00000 
   0.00000    0.00000    1.00000    0.00000    0.00000 
   0.00000    0.00000    0.00000    1.00000    0.00000 
   0.00000    0.00000    0.00000    0.00000    1.00000 
shift=? 0.0000000000000000E+000
alg05.pas -- Gauss elimination with partial pivoting
Gauss elimination complete -- determinant =  2.4000000000000000E+001

Not converged. Approximate eigenvalue= 2.7155412933904033E-001 after 100 iterations
Eigenvector
   0.54620   -0.91899    1.00000   -0.76352    0.28463 
Rayleigh quotient =  2.7155412933882112E-001   sumsquared err= 0.000000000
shift=? 1.0000000000000001E+032
order of problem (n) = 10
Provide the A matrix
A matrix
   1.00000    1.00000    1.00000    1.00000    1.00000    1.00000    1.00000 
   1.00000    1.00000    1.00000 
   1.00000    2.00000    2.00000    2.00000    2.00000    2.00000    2.00000 
   2.00000    2.00000    2.00000 
   1.00000    2.00000    3.00000    3.00000    3.00000    3.00000    3.00000 
   3.00000    3.00000    3.00000 
   1.00000    2.00000    3.00000    4.00000    4.00000    4.00000    4.00000 
   4.00000    4.00000    4.00000 
   1.00000    2.00000    3.00000    4.00000    5.00000    5.00000    5.00000 
   5.00000    5.00000    5.00000 
   1.00000    2.00000    3.00000    4.00000    5.00000    6.00000    6.00000 
   6.00000    6.00000    6.00000 
   1.00000    2.00000    3.00000    4.00000    5.00000    6.00000    7.00000 
   7.00000    7.00000    7.00000 
   1.00000    2.00000    3.00000    4.00000    5.00000    6.00000    7.00000 
   8.00000    8.00000    8.00000 
   1.00000    2.00000    3.00000    4.00000    5.00000    6.00000    7.00000 
   8.00000    9.00000    9.00000 
   1.00000    2.00000    3.00000    4.00000    5.00000    6.00000    7.00000 
   8.00000    9.00000   10.00000 
B matrix set to unit matrix
B matrix
   1.00000    0.00000    0.00000    0.00000    0.00000    0.00000    0.00000 
   0.00000    0.00000    0.00000 
   0.00000    1.00000    0.00000    0.00000    0.00000    0.00000    0.00000 
   0.00000    0.00000    0.00000 
   0.00000    0.00000    1.00000    0.00000    0.00000    0.00000    0.00000 
   0.00000    0.00000    0.00000 
   0.00000    0.00000    0.00000    1.00000    0.00000    0.00000    0.00000 
   0.00000    0.00000    0.00000 
   0.00000    0.00000    0.00000    0.00000    1.00000    0.00000    0.00000 
   0.00000    0.00000    0.00000 
   0.00000    0.00000    0.00000    0.00000    0.00000    1.00000    0.00000 
   0.00000    0.00000    0.00000 
   0.00000    0.00000    0.00000    0.00000    0.00000    0.00000    1.00000 
   0.00000    0.00000    0.00000 
   0.00000    0.00000    0.00000    0.00000    0.00000    0.00000    0.00000 
   1.00000    0.00000    0.00000 
   0.00000    0.00000    0.00000    0.00000    0.00000    0.00000    0.00000 
   0.00000    1.00000    0.00000 
   0.00000    0.00000    0.00000    0.00000    0.00000    0.00000    0.00000 
   0.00000    0.00000    1.00000 
shift=? 0.0000000000000000E+000
alg05.pas -- Gauss elimination with partial pivoting
Gauss elimination complete -- determinant =  3.6288000000000000E+005

Not converged. Approximate eigenvalue= 2.5567344134720177E-001 after 100 iterations
Eigenvector
   0.29440   -0.56298    0.78208   -0.93226    1.00000   -0.97898    0.87071 
  -0.68457    0.43702   -0.15018 
Rayleigh quotient =  2.5567965533013154E-001   sumsquared err= 0.000000009
shift=? 1.0000000000000001E+032
order of problem (n) = 0
