Order of problem (n): Initial matrix of order 2
   1.00000    1.00000 
   1.00000    2.00000 
Calling evsvd
alg13.pas -- symmetric matrix eigensolutions via svd
Adding a shift of -0.0000000000000000E+000 to diagonal of matrix.
alg01.pas -- NashSVD
End of Sweep #1-  no. of rotations performed =1
End of Sweep #2-  no. of rotations performed =0

Eigenvalue 1 =  2.6180339887498945E+000
 0.5257311  0.8506508 
Residuals
 1.11E-016  4.44E-016 
Sum of squared residuals = 2.0954117794933126E-031

Eigenvalue 2 =  3.8196601125010510E-001
-0.8506508  0.5257311 
Residuals
 0.00E+000  0.00E+000 
Sum of squared residuals = 0.0000000000000000E+000
Order of problem (n): Initial matrix of order 4
   1.00000    1.00000    1.00000    1.00000 
   1.00000    2.00000    2.00000    2.00000 
   1.00000    2.00000    3.00000    3.00000 
   1.00000    2.00000    3.00000    4.00000 
Calling evsvd
alg13.pas -- symmetric matrix eigensolutions via svd
Adding a shift of  3.0000000000000000E+000 to diagonal of matrix.
alg01.pas -- NashSVD
End of Sweep #1-  no. of rotations performed =6
End of Sweep #2-  no. of rotations performed =6
End of Sweep #3-  no. of rotations performed =6
End of Sweep #4-  no. of rotations performed =4
End of Sweep #5-  no. of rotations performed =0

Eigenvalue 1 =  8.2908593693815913E+000
 0.2280134  0.4285251  0.5773503  0.6565385 
Residuals
-1.22E-015  2.22E-016 -1.55E-015 -2.22E-015 
Sum of squared residuals = 8.8870111353804611E-030

Eigenvalue 2 =  1.0000000000000009E+000
-0.5773503 -0.5773503  0.0000000  0.5773503 
Residuals
 6.66E-016  4.44E-016 -2.22E-016 -4.44E-016 
Sum of squared residuals = 8.8746851837363828E-031

Eigenvalue 3 =  4.2602204776046149E-001
 0.6565385 -0.2280134 -0.5773503  0.4285251 
Residuals
 2.78E-016 -1.11E-016  2.22E-016  6.66E-016 
Sum of squared residuals = 5.8240121518270012E-031

Eigenvalue 4 =  2.8311858285794766E-001
-0.4285251  0.6565385 -0.5773503  0.2280134 
Residuals
-3.89E-016  8.88E-016 -1.11E-016  5.55E-016 
Sum of squared residuals = 1.2603285556070071E-030
Order of problem (n): Initial matrix of order 10
   1.00000    1.00000    1.00000    1.00000    1.00000    1.00000    1.00000 
   1.00000    1.00000    1.00000 
   1.00000    2.00000    2.00000    2.00000    2.00000    2.00000    2.00000 
   2.00000    2.00000    2.00000 
   1.00000    2.00000    3.00000    3.00000    3.00000    3.00000    3.00000 
   3.00000    3.00000    3.00000 
   1.00000    2.00000    3.00000    4.00000    4.00000    4.00000    4.00000 
   4.00000    4.00000    4.00000 
   1.00000    2.00000    3.00000    4.00000    5.00000    5.00000    5.00000 
   5.00000    5.00000    5.00000 
   1.00000    2.00000    3.00000    4.00000    5.00000    6.00000    6.00000 
   6.00000    6.00000    6.00000 
   1.00000    2.00000    3.00000    4.00000    5.00000    6.00000    7.00000 
   7.00000    7.00000    7.00000 
   1.00000    2.00000    3.00000    4.00000    5.00000    6.00000    7.00000 
   8.00000    8.00000    8.00000 
   1.00000    2.00000    3.00000    4.00000    5.00000    6.00000    7.00000 
   8.00000    9.00000    9.00000 
   1.00000    2.00000    3.00000    4.00000    5.00000    6.00000    7.00000 
   8.00000    9.00000   10.00000 
Calling evsvd
alg13.pas -- symmetric matrix eigensolutions via svd
Adding a shift of  3.6000000000000000E+001 to diagonal of matrix.
alg01.pas -- NashSVD
End of Sweep #1-  no. of rotations performed =45
End of Sweep #2-  no. of rotations performed =45
End of Sweep #3-  no. of rotations performed =45
End of Sweep #4-  no. of rotations performed =45
End of Sweep #5-  no. of rotations performed =16
End of Sweep #6-  no. of rotations performed =0

Eigenvalue 1 =  4.4766068652715035E+001
 0.0650474  0.1286417  0.1893624  0.2458530  0.2968517  0.3412192  0.3779645 
 0.4062666  0.4254934  0.4352154 
Residuals
 4.61E-015  3.89E-015  1.11E-015  6.00E-015  9.77E-015  4.00E-015  8.88E-016 
 1.33E-015 -7.99E-015  1.78E-015 
Sum of squared residuals = 2.5454630888977219E-028

Eigenvalue 2 =  5.0489173395222977E+000
-0.1893624 -0.3412192 -0.4254934 -0.4254934 -0.3412192 -0.1893624 -0.0000000 
 0.1893624  0.3412192  0.4254934 
Residuals
-2.05E-015 -7.66E-015 -5.33E-015  1.55E-015 -4.44E-015 -3.55E-015 -8.88E-016 
 2.22E-015  1.78E-015  1.78E-015 
Sum of squared residuals = 1.3809071775652032E-028

Eigenvalue 3 =  1.8730230604248987E+000
 0.2968517  0.4352154  0.3412192  0.0650474 -0.2458530 -0.4254934 -0.3779645 
-0.1286417  0.1893624  0.4062666 
Residuals
 9.55E-015  7.55E-015  3.11E-015 -2.66E-015  0.00E+000 -5.33E-015 -9.33E-015 
 8.88E-016 -8.88E-016 -8.88E-016 
Sum of squared residuals = 2.8265872310200379E-028

Eigenvalue 4 =  9.9999999999999289E-001
-0.3779645 -0.3779645 -0.0000000  0.3779645  0.3779645  0.0000000 -0.3779645 
-0.3779645 -0.0000000  0.3779645 
Residuals
-6.61E-015 -4.88E-015 -2.44E-015  2.66E-015  1.78E-015  8.88E-016 -4.44E-015 
 4.44E-016  8.88E-016 -1.33E-015 
Sum of squared residuals = 1.0699234175851075E-028

Eigenvalue 5 =  6.4310413210777284E-001
 0.4254934  0.1893624 -0.3412192 -0.3412192  0.1893624  0.4254934 -0.0000000 
-0.4254934 -0.1893624  0.3412192 
Residuals
 8.55E-015  1.18E-014 -6.88E-015 -1.33E-015  3.11E-015  7.11E-015  4.44E-015 
-7.99E-015 -8.88E-016  5.33E-015 
Sum of squared residuals = 4.3368860859689532E-028

Eigenvalue 6 =  4.6523308780856354E-001
-0.4352154  0.0650474  0.4254934 -0.1286417 -0.4062666  0.1893624  0.3779645 
-0.2458530 -0.3412192  0.2968517 
Residuals
-2.89E-015 -2.89E-015  1.55E-015 -6.22E-015  1.11E-015  3.11E-015 -1.33E-015 
-3.11E-015 -1.33E-015 -7.99E-015 
Sum of squared residuals = 1.4574205223958193E-028

Eigenvalue 7 =  3.6620887461579343E-001
 0.4062666 -0.2968517 -0.1893624  0.4352154 -0.1286417 -0.3412192  0.3779645 
 0.0650474 -0.4254934  0.2458530 
Residuals
 3.69E-015 -2.83E-015 -1.08E-014  3.33E-016 -4.22E-015 -6.88E-015 -1.78E-015 
-5.11E-015 -2.22E-015 -6.66E-015 
Sum of squared residuals = 2.8144846872495085E-028

Eigenvalue 8 =  3.0797852836987971E-001
-0.3412192  0.4254934 -0.1893624 -0.1893624  0.4254934 -0.3412192  0.0000000 
 0.3412192 -0.4254934  0.1893624 
Residuals
-5.61E-015  1.24E-014 -1.44E-015 -3.22E-015  1.39E-014 -3.77E-015 -1.33E-015 
 1.24E-014 -7.77E-015  7.77E-015 
Sum of squared residuals = 6.8252800187545925E-028

Eigenvalue 9 =  2.7378676163923643E-001
 0.2458530 -0.4062666  0.4254934 -0.2968517  0.0650474  0.1893624 -0.3779645 
 0.4352154 -0.3412192  0.1286417 
Residuals
-5.30E-015 -5.55E-017  7.33E-015 -3.66E-015 -2.33E-015 -3.33E-015 -8.44E-015 
 6.00E-015 -1.78E-015 -1.11E-015 
Sum of squared residuals = 2.2327613994072327E-028

Eigenvalue 10 =  2.5567956279643766E-001
-0.1286417  0.2458530 -0.3412192  0.4062666 -0.4352154  0.4254934 -0.3779645 
 0.2968517 -0.1893624  0.0650474 
Residuals
 1.18E-015 -2.25E-015 -1.67E-015 -5.00E-016  4.44E-015 -4.44E-016 -6.11E-016 
 9.99E-016  9.99E-016  2.66E-015 
Sum of squared residuals = 3.8856984778973554E-029
Order of problem (n): Initial matrix of order 1
   1.00000 
Calling evsvd
alg13.pas -- symmetric matrix eigensolutions via svd
Adding a shift of -0.0000000000000000E+000 to diagonal of matrix.

Eigenvalue 1 =  1.0000000000000000E+000
 1.0000000 
Residuals
 0.00E+000 
Sum of squared residuals = 0.0000000000000000E+000
Order of problem (n): 