 Order of matrix = 5
Provide real part of matrix (A)
Matrixin.pas -- generate or input a real matrix 5 by 5
Possible matrices to generate:
0) Keyboard or console file input
1) Hilbert segment
2) Ding Dong
3) Moler
4) Frank symmetric
5) Bordered symmetric
6) Diagonal
7) Wilkinson W+
8) Wilkinson W-
9) Constant
10) Unit
Enter type to generate 4
Provide imaginary part of matrix (Z)
Matrixin.pas -- generate or input a real matrix 5 by 5
Possible matrices to generate:
0) Keyboard or console file input
1) Hilbert segment
2) Ding Dong
3) Moler
4) Frank symmetric
5) Bordered symmetric
6) Diagonal
7) Wilkinson W+
8) Wilkinson W-
9) Constant
10) Unit
Enter type to generate 3
(   1.00000,   1.00000) (   1.00000,  -1.00000) (   1.00000,  -1.00000) 
(   1.00000,  -1.00000) (   1.00000,  -1.00000) 
(   1.00000,  -1.00000) (   2.00000,   2.00000) (   2.00000,   0.00000) 
(   2.00000,   0.00000) (   2.00000,   0.00000) 
(   1.00000,  -1.00000) (   2.00000,   0.00000) (   3.00000,   3.00000) 
(   3.00000,   1.00000) (   3.00000,   1.00000) 
(   1.00000,  -1.00000) (   2.00000,   0.00000) (   3.00000,   1.00000) 
(   4.00000,   4.00000) (   4.00000,   2.00000) 
(   1.00000,  -1.00000) (   2.00000,   0.00000) (   3.00000,   1.00000) 
(   4.00000,   2.00000) (   5.00000,   5.00000) 
alg26.pas -- comeig
TAU= 5.6000000000000000E+001  AT ITN 1
TAU= 7.2107501562138063E+000  AT ITN 2
TAU= 1.6167631945882213E+000  AT ITN 3
TAU= 1.4135909863720170E-001  AT ITN 4
TAU= 4.1387397594418944E-004  AT ITN 5
TAU= 2.3406515779719136E-008  AT ITN 6
TAU= 3.4129840545673970E-014  AT ITN 7
Converged in 7 iterations
alg11.pas -- standardized eigensolutions
EIGENVALUE 1=( 1.1438233058170844E+001, 5.8907869982801460E+000)
VECTOR
( 7.2919928669437584E-002,-3.6498261444044539E-001)
( 4.1137352665876853E-001,-2.5750477494283192E-001)
( 6.9331292735519889E-001,-1.4425541881377915E-001)
( 8.9498613998517162E-001,-5.1704964902128843E-002)
( 9.9999999999999989E-001, 0.0000000000000000E+000)
alg12.pas -- complex eigensolution residuals
(-9.8809849191638932E-015, 1.1102230246251565E-016)
(-6.4392935428259079E-015,-7.0637939941775585E-015)
( 1.3322676295501878E-015,-5.8841820305133297E-015)
( 6.6613381477509392E-015,-6.8833827526759706E-015)
( 6.2172489379008766E-015,-4.4408920985006262E-015)
Sum of squares =  3.7553650207708380E-028
EIGENVALUE 2=( 1.9577880276110047E+000, 1.8495761391986802E+000)
VECTOR
( 1.0000000000000000E+000,-2.7755575615628914E-017)
( 5.3123189422526218E-001, 4.5320234203420851E-001)
( 6.1249198876340880E-002, 4.0348152506126495E-001)
(-2.1682241447409578E-001, 1.3113051937238548E-001)
(-3.2155273442134791E-001,-8.4132303063020955E-002)
alg12.pas -- complex eigensolution residuals
(-7.2858385991025898E-015,-1.6098233857064770E-015)
(-1.3322676295501878E-015,-2.9698465908722937E-015)
( 5.1347814888913490E-016,-4.4408920985006262E-015)
(-2.7478019859472624E-015,-3.1086244689504383E-015)
(-6.6613381477509392E-015,-2.6645352591003757E-015)
Sum of squares =  1.5494221958391976E-028
EIGENVALUE 3=( 9.1675500804230603E-001, 2.6138751925800818E+000)
VECTOR
(-7.1977202607833091E-001,-4.4570949348429373E-001)
( 5.2009033993569398E-001,-4.2594831161408075E-001)
( 9.9999999999999989E-001,-6.9388939039072284E-018)
( 2.2249389617958162E-001, 1.7713193887438106E-001)
(-7.9070621353809867E-001, 7.6175261316525300E-002)
alg12.pas -- complex eigensolution residuals
( 3.4416913763379853E-015, 2.9976021664879227E-015)
( 1.3322676295501878E-015,-2.8865798640254070E-015)
(-3.3306690738754696E-016,-4.2188474935755949E-015)
( 2.2204460492503131E-016, 8.8817841970012523E-016)
(-7.7715611723760958E-016, 5.7731597280508140E-015)
Sum of squares =  8.3619255953427251E-029
EIGENVALUE 4=( 4.0728014995617290E-001, 2.3708245672136488E+000)
VECTOR
(-4.8556654637005797E-001,-2.7303322645238509E-001)
( 9.9999999999999989E-001, 0.0000000000000000E+000)
(-7.9151794360700342E-002, 1.5287163429309791E-001)
(-9.3693223105011536E-001,-7.6818410030158116E-002)
( 5.9902398680012370E-001, 3.0923993850483986E-003)
alg12.pas -- complex eigensolution residuals
(-5.0653925498522767E-016, 9.9920072216264089E-016)
( 0.0000000000000000E+000, 7.3552275381416621E-016)
( 2.8449465006019636E-016,-2.2204460492503131E-015)
(-7.6327832942979512E-016,-6.6613381477509392E-016)
(-7.9797279894933126E-016,-8.8817841970012523E-016)
Sum of squares =  9.2592452453819041E-030
EIGENVALUE 5=( 2.7994375621967177E-001, 2.2749371027274541E+000)
VECTOR
( 2.5776076693001215E-001, 1.1786835850188734E-001)
(-7.8526601960503983E-001,-5.7560559889801660E-002)
( 9.9999999999999989E-001, 0.0000000000000000E+000)
(-8.1881790998991266E-001, 2.5041147656711178E-002)
( 3.1426697408278631E-001,-1.3540625375941799E-002)
alg12.pas -- complex eigensolution residuals
(-2.7061686225238191E-016,-1.6653345369377348E-016)
( 1.1102230246251565E-016,-1.0824674490095276E-015)
(-6.7307270867900115E-016,-4.9960036108132044E-016)
(-6.8001160258290838E-016, 1.2212453270876722E-015)
(-1.3600232051658168E-015, 6.6613381477509392E-016)
Sum of squares =  6.2349093054620180E-030
