Bywater BASIC Interpreter/Shell, version 2.20 patch level 2
Copyright (c) 1993, Ted A. Campbell
Copyright (c) 1995-1997, Jon B. Volkoff
 
GII JULY 25 77 ALG 10
GAUSS ELIMINATION FOR INVERSE ITERATION
ORDER=       
 5
FRANK MATRIX
SHIFT=        0
CONVERGED TO EV=            0.2715541     IN            101           ITNS
 1            EQUAL CPNTS IN VECTOR BETWEEN ITERATIONS
FRANK MATRIX
VECTOR
 0.3260187 -0.5485287 0.5968848 -0.4557341 0.1698911

RESIDUALS
 -0 0 -0 -0 0

 10
FRANK MATRIX
SHIFT=        0
CONVERGED TO EV=            0.2556738     IN            101           ITNS
 1            EQUAL CPNTS IN VECTOR BETWEEN ITERATIONS
FRANK MATRIX
VECTOR
 0.1281224 -0.2449948 0.3403202 -0.405639 0.4350771
 -0.4258922 0.3787616 -0.2977698 0.1900823 -0.0653188

RESIDUALS
 -0.0000087 0.0000141 -0.0000143 0.000009 -0
 -0.0000097 0.0000166 -0.0000183 0.0000141 -0.0000053

 -1

