Bywater BASIC Interpreter/Shell, version 2.20 patch level 2
Copyright (c) 1993, Ted A. Campbell
Copyright (c) 1995-1997, Jon B. Volkoff
 
A13 EIGENSOLUTIONS OF A SYMMETRIC MATRIX VIA SVD
ORDER OF MATRIX:  2
SMEV.NJ ALG 13 DEC 7 78

SCALING BY SUBTRACTION OF   -0.0003162
SWEEP         1                           0            SMALL P

CONVERGENCE AT SWEEP        2
EV( 1)= 2.6180340    RQ= 2.6180340
 0.5257311  0.8506508 
EV( 2)= 0.381966    RQ= 0.381966
 -0.8506508  0.5257311 

ORDER OF MATRIX:  4
SMEV.NJ ALG 13 DEC 7 78

SCALING BY SUBTRACTION OF   -3.0003162
SWEEP         1                           0            SMALL P
SWEEP         2                           0            SMALL P
SWEEP         3                           0            SMALL P
SWEEP         4                           1            SMALL P

CONVERGENCE AT SWEEP        5
EV( 1)= 8.2908594    RQ= 8.2908594
 0.2280134  0.428525  0.5773503  0.6565385 
EV( 2)= 1    RQ= 1
 -0.5773503  -0.5773503  0  0.5773503 
EV( 3)= 0.426022    RQ= 0.426022
 0.6565385  -0.2280134  -0.5773503  0.428525 
EV( 4)= 0.2831186    RQ= 0.2831186
 -0.428525  0.6565385  -0.5773503  0.2280134 

ORDER OF MATRIX:  10
SMEV.NJ ALG 13 DEC 7 78

SCALING BY SUBTRACTION OF   -36.0003162
SWEEP         1                           0            SMALL P
SWEEP         2                           0            SMALL P
SWEEP         3                           0            SMALL P
SWEEP         4                           0            SMALL P
SWEEP         5                           25           SMALL P

CONVERGENCE AT SWEEP        6
EV( 1)= 44.7660687    RQ= 44.7660687
 0.0650474  0.1286417  0.1893624  0.245853  0.2968517  0.3412192  0.3779645  0.
4062666  0.4254934  0.4352154 
EV( 2)= 5.0489173    RQ= 5.0489173
 -0.1893624  -0.3412192  -0.4254934  -0.4254934  -0.3412192  -0.1893624  -0  0.
1893624  0.3412192  0.4254934 
EV( 3)= 1.873023    RQ= 1.873023
 0.2968517  0.4352154  0.3412192  0.0650474  -0.245853  -0.4254934  -0.3779645 
 -0.1286417  0.1893624  0.4062666 
EV( 4)= 1    RQ= 1
 -0.3779645  -0.3779645  -0  0.3779645  0.3779645  0  -0.3779645  -0.3779645  0
  0.3779645 
EV( 5)= 0.6431041    RQ= 0.6431041
 0.4254934  0.1893624  -0.3412192  -0.3412192  0.1893624  0.4254934  0  -0.4254
934  -0.1893624  0.3412192 
EV( 6)= 0.465233    RQ= 0.465233
 -0.4352154  0.0650474  0.4254934  -0.1286417  -0.4062666  0.1893624  0.3779645
  -0.245853  -0.3412192  0.2968517 
EV( 7)= 0.3662089    RQ= 0.3662089
 0.4062666  -0.2968517  -0.1893624  0.4352154  -0.1286417  -0.3412192  0.377964
5  0.0650474  -0.4254934  0.245853 
EV( 8)= 0.3079785    RQ= 0.3079785
 -0.3412192  0.4254934  -0.1893624  -0.1893624  0.4254934  -0.3412192  -0  0.34
12192  -0.4254934  0.1893624 
EV( 9)= 0.2737868    RQ= 0.2737868
 0.245853  -0.4062666  0.4254934  -0.2968517  0.0650474  0.1893624  -0.3779645 
 0.4352154  -0.3412192  0.1286417 
EV( 10)= 0.2556796    RQ= 0.2556796
 -0.1286417  0.245853  -0.3412192  0.4062666  -0.4352154  0.4254934  -0.3779645
  0.2968517  -0.1893624  0.0650474 

ORDER OF MATRIX:  1
SMEV.NJ ALG 13 DEC 7 78
EV( 1)= 1    RQ= 1
 1 

ORDER OF MATRIX:  0

