Bywater BASIC Interpreter/Shell, version 2.20 patch level 2
Copyright (c) 1993, Ted A. Campbell
Copyright (c) 1995-1997, Jon B. Volkoff
 
COMEIG AT JULY 31 1984
ORDER =  1
Real part Frank, Imag part Moler
TAU= 0  AT ITN  1
EIGENSOLUTIONS
EIGENVALUE 1=( 1, -1)
VECTOR
( 1, 0)
RESIDUALS
( 0, 0)
ORDER =  5
Real part Frank, Imag part Moler
TAU= 56  AT ITN  1
TAU= 7.2107502  AT ITN  2
TAU= 1.6167632  AT ITN  3
TAU= 0.141359  AT ITN  4
TAU= 0.0004139  AT ITN  5
TAU= 0  AT ITN  6
EIGENSOLUTIONS
EIGENVALUE 1=( 11.438233, 3.8907870)
VECTOR
( 0.0729199, -0.3649826)
( 0.4113735, -0.2575048)
( 0.6933129, -0.1442554)
( 0.8949861, -0.0517050)
( 1.0000000, 0)
RESIDUALS
( 0, 0)
( 0, 0)
( 0, 0)
( -0, 0)
( -0, -0)
EIGENVALUE 2=( 1.957788, -0.1504239)
VECTOR
( 1, -0)
( 0.5312319, 0.4532023)
( 0.0612492, 0.4034815)
( -0.2168224, 0.1311305)
( -0.3215527, -0.0841323)
RESIDUALS
( 0, -0)
( 0, 0)
( -0, 0)
( -0, -0)
( 0, -0)
EIGENVALUE 3=( 0.916755, 0.6138752)
VECTOR
( -0.719772, -0.4457095)
( 0.5200903, -0.4259483)
( 1, 0)
( 0.2224939, 0.1771319)
( -0.7907062, 0.0761753)
RESIDUALS
( 0, 0)
( -0, 0)
( -0, 0)
( -0, -0)
( -0, -0)
EIGENVALUE 4=( 0.4072801, 0.3708246)
VECTOR
( -0.4855665, -0.2730332)
( 1, 0)
( -0.0791518, 0.1528716)
( -0.9369322, -0.0768184)
( 0.5990240, 0.0030924)
RESIDUALS
( 0, 0)
( -0, 0)
( -0, 0)
( -0, -0)
( 0, -0)
EIGENVALUE 5=( 0.2799438, 0.2749371)
VECTOR
( 0.2577608, 0.1178684)
( -0.785266, -0.0575606)
( 1, 0)
( -0.8188179, 0.0250411)
( 0.3142670, -0.0135406)
RESIDUALS
( -0, -0)
( -0, -0)
( -0, -0)
( 0, -0)
( 0, -0)
ORDER =  0

